  source.cpp
F:\C(C++)\c++\effective c++\effective c++\source.cpp(1,1): warning C4819: 该文件包含不能在当前代码页(936)中表示的字符。请将该文件保存为 Unicode 格式以防止数据丢失
F:\C(C++)\c++\effective c++\effective c++\define.h(1,1): warning C4819: 该文件包含不能在当前代码页(936)中表示的字符。请将该文件保存为 Unicode 格式以防止数据丢失
  (编译源文件“source.cpp”)
  
F:\C(C++)\c++\effective c++\effective c++\MyConst.h(1,1): warning C4819: 该文件包含不能在当前代码页(936)中表示的字符。请将该文件保存为 Unicode 格式以防止数据丢失
  (编译源文件“source.cpp”)
  
F:\C(C++)\c++\effective c++\effective c++\construct.h(1,1): warning C4819: 该文件包含不能在当前代码页(936)中表示的字符。请将该文件保存为 Unicode 格式以防止数据丢失
  (编译源文件“source.cpp”)
  
F:\C(C++)\c++\effective c++\effective c++\Purevirfunc.h(1,1): warning C4819: 该文件包含不能在当前代码页(936)中表示的字符。请将该文件保存为 Unicode 格式以防止数据丢失
  (编译源文件“source.cpp”)
  
F:\C(C++)\c++\effective c++\effective c++\destrerror.h(1,1): warning C4819: 该文件包含不能在当前代码页(936)中表示的字符。请将该文件保存为 Unicode 格式以防止数据丢失
  (编译源文件“source.cpp”)
  
F:\C(C++)\c++\effective c++\effective c++\copyoperator.h(1,1): warning C4819: 该文件包含不能在当前代码页(936)中表示的字符。请将该文件保存为 Unicode 格式以防止数据丢失
  (编译源文件“source.cpp”)
  
F:\C(C++)\c++\effective c++\effective c++\myswap.h(1,1): warning C4819: 该文件包含不能在当前代码页(936)中表示的字符。请将该文件保存为 Unicode 格式以防止数据丢失
  (编译源文件“source.cpp”)
  
F:\C(C++)\c++\effective c++\effective c++\myinline.h(1,1): warning C4819: 该文件包含不能在当前代码页(936)中表示的字符。请将该文件保存为 Unicode 格式以防止数据丢失
  (编译源文件“source.cpp”)
  
F:\C(C++)\c++\effective c++\effective c++\myinline.h(4,1): warning C4094: 无标记的“struct”未声明符号
  (编译源文件“source.cpp”)
  
F:\C(C++)\c++\effective c++\effective c++\Nameinher.h(1,1): warning C4819: 该文件包含不能在当前代码页(936)中表示的字符。请将该文件保存为 Unicode 格式以防止数据丢失
  (编译源文件“source.cpp”)
  
F:\C(C++)\c++\effective c++\effective c++\repvirfunc.h(1,1): warning C4828: 文件包含在偏移 0x317 处开始的字符，该字符在当前源字符集中无效(代码页 936)。
  (编译源文件“source.cpp”)
  
F:\C(C++)\c++\effective c++\effective c++\repvirfunc.h(1,1): warning C4819: 该文件包含不能在当前代码页(936)中表示的字符。请将该文件保存为 Unicode 格式以防止数据丢失
  (编译源文件“source.cpp”)
  
  effective c++.vcxproj -> F:\C(C++)\c++\effective c++\x64\Debug\effective c++.exe
